TN:
SF:test1.js
FN:1,testOne
FN:7,divisible
FN:24,print
FNF:3
FNH:3
FNDA:24,testOne
FNDA:64,divisible
FNDA:1,print
DA:1,24
DA:2,24
DA:3,24
DA:4,1
DA:5,1
DA:6,23
DA:7,23
DA:8,23
DA:9,24
DA:10,1
DA:11,1
DA:12,24
DA:13,2
DA:14,2
DA:15,24
DA:16,6
DA:17,6
DA:18,24
DA:19,4
DA:20,4
DA:21,10
DA:22,10
DA:23,1
DA:24,1
DA:25,1
DA:26,17
DA:27,17
DA:28,1
DA:29,1
DA:30,1
DA:31,1
DA:32,1
LF:32
LH:32
BRDA:1,0,0,24
BRDA:3,1,0,1
BRDA:5,2,0,23
BRDA:9,3,0,1
BRDA:11,4,0,22
BRDA:12,5,0,8
BRDA:12,6,0,2
BRDA:14,7,0,20
BRDA:15,8,0,6
BRDA:17,9,0,14
BRDA:18,10,0,4
BRDA:20,11,0,10
BRDA:7,12,0,64
BRDA:24,13,0,1
BRDA:25,14,0,17
BRF:15
BRH:15
end_of_record
